{"level":"DEBUG","location":"[get_call:137] fyersModel","message":{"Status Code":200,"API":"/profile"},"timestamp":"2025-01-08 06:49:11,983+0000","service":"FyersAPIRequest"}
{"level":"DEBUG","location":"[get_call:137] fyersModel","message":{"Status Code":200,"API":"/history"},"timestamp":"2025-01-08 06:49:18,914+0000","service":"FyersAPIRequest"}
{"level":"DEBUG","location":"[get_call:137] fyersModel","message":{"Status Code":200,"API":"/history"},"timestamp":"2025-01-08 06:49:18,971+0000","service":"FyersAPIRequest"}
{"level":"DEBUG","location":"[get_call:137] fyersModel","message":{"Status Code":200,"API":"/profile"},"timestamp":"2025-01-08 07:24:06,006+0000","service":"FyersAPIRequest"}
{"level":"DEBUG","location":"[get_call:137] fyersModel","message":{"Status Code":200,"API":"/history"},"timestamp":"2025-01-08 07:24:13,293+0000","service":"FyersAPIRequest"}
{"level":"DEBUG","location":"[get_call:137] fyersModel","message":{"Status Code":200,"API":"/history"},"timestamp":"2025-01-08 07:24:13,347+0000","service":"FyersAPIRequest"}
{"level":"DEBUG","location":"[get_call:137] fyersModel","message":{"Status Code":200,"API":"/profile"},"timestamp":"2025-01-08 07:25:39,590+0000","service":"FyersAPIRequest"}
{"level":"DEBUG","location":"[get_call:137] fyersModel","message":{"Status Code":200,"API":"/history"},"timestamp":"2025-01-08 07:25:43,311+0000","service":"FyersAPIRequest"}
{"level":"DEBUG","location":"[get_call:137] fyersModel","message":{"Status Code":200,"API":"/history"},"timestamp":"2025-01-08 07:25:43,364+0000","service":"FyersAPIRequest"}
{"level":"DEBUG","location":"[get_call:137] fyersModel","message":{"Status Code":200,"API":"/history"},"timestamp":"2025-01-08 14:54:56,577+0000","service":"FyersAPIRequest"}
{"level":"DEBUG","location":"[get_call:137] fyersModel","message":{"Status Code":200,"API":"/history"},"timestamp":"2025-01-08 14:57:17,560+0000","service":"FyersAPIRequest"}
{"level":"DEBUG","location":"[get_call:137] fyersModel","message":{"Status Code":200,"API":"/history"},"timestamp":"2025-01-08 18:21:26,576+0000","service":"FyersAPIRequest"}
{"level":"DEBUG","location":"[get_call:137] fyersModel","message":{"Status Code":200,"API":"/history"},"timestamp":"2025-01-16 02:34:13,541+0530","service":"FyersAPIRequest"}
{"level":"DEBUG","location":"[get_call:137] fyersModel","message":{"Status Code":200,"API":"/quotes"},"timestamp":"2025-01-16 03:49:04,148+0530","service":"FyersAPIRequest"}
{"level":"DEBUG","location":"[get_call:137] fyersModel","message":{"Status Code":200,"API":"/history"},"timestamp":"2025-01-16 03:49:23,635+0530","service":"FyersAPIRequest"}
{"level":"DEBUG","location":"[get_call:137] fyersModel","message":{"Status Code":200,"API":"/quotes"},"timestamp":"2025-01-16 03:50:08,779+0530","service":"FyersAPIRequest"}
{"level":"DEBUG","location":"[get_call:137] fyersModel","message":{"Status Code":200,"API":"/quotes"},"timestamp":"2025-01-16 13:18:51,048+0530","service":"FyersAPIRequest"}
{"level":"DEBUG","location":"[get_call:137] fyersModel","message":{"Status Code":200,"API":"/quotes"},"timestamp":"2025-01-16 13:32:08,030+0530","service":"FyersAPIRequest"}
{"level":"DEBUG","location":"[get_call:137] fyersModel","message":{"Status Code":200,"API":"/quotes"},"timestamp":"2025-01-16 13:33:10,565+0530","service":"FyersAPIRequest"}
{"level":"DEBUG","location":"[get_call:137] fyersModel","message":{"Status Code":200,"API":"/quotes"},"timestamp":"2025-01-16 13:34:00,877+0530","service":"FyersAPIRequest"}
{"level":"DEBUG","location":"[get_call:137] fyersModel","message":{"Status Code":200,"API":"/quotes"},"timestamp":"2025-01-16 13:34:01,595+0530","service":"FyersAPIRequest"}
{"level":"DEBUG","location":"[get_call:137] fyersModel","message":{"Status Code":200,"API":"/quotes"},"timestamp":"2025-01-16 13:34:02,338+0530","service":"FyersAPIRequest"}
{"level":"DEBUG","location":"[get_call:137] fyersModel","message":{"Status Code":200,"API":"/quotes"},"timestamp":"2025-01-16 13:34:02,965+0530","service":"FyersAPIRequest"}
{"level":"DEBUG","location":"[get_call:137] fyersModel","message":{"Status Code":200,"API":"/quotes"},"timestamp":"2025-01-16 13:34:27,502+0530","service":"FyersAPIRequest"}
{"level":"DEBUG","location":"[get_call:137] fyersModel","message":{"Status Code":200,"API":"/quotes"},"timestamp":"2025-01-16 13:34:28,218+0530","service":"FyersAPIRequest"}
{"level":"DEBUG","location":"[get_call:137] fyersModel","message":{"Status Code":200,"API":"/quotes"},"timestamp":"2025-01-16 13:34:28,936+0530","service":"FyersAPIRequest"}
{"level":"DEBUG","location":"[get_call:137] fyersModel","message":{"Status Code":200,"API":"/quotes"},"timestamp":"2025-01-16 13:34:29,959+0530","service":"FyersAPIRequest"}
{"level":"DEBUG","location":"[get_call:137] fyersModel","message":{"Status Code":200,"API":"/quotes"},"timestamp":"2025-01-16 13:34:44,442+0530","service":"FyersAPIRequest"}
{"level":"DEBUG","location":"[get_call:137] fyersModel","message":{"Status Code":200,"API":"/quotes"},"timestamp":"2025-01-16 13:34:45,183+0530","service":"FyersAPIRequest"}
{"level":"DEBUG","location":"[get_call:137] fyersModel","message":{"Status Code":200,"API":"/quotes"},"timestamp":"2025-01-16 13:34:45,999+0530","service":"FyersAPIRequest"}
{"level":"DEBUG","location":"[get_call:137] fyersModel","message":{"Status Code":200,"API":"/quotes"},"timestamp":"2025-01-16 13:34:47,315+0530","service":"FyersAPIRequest"}
{"level":"DEBUG","location":"[get_call:137] fyersModel","message":{"Status Code":200,"API":"/quotes"},"timestamp":"2025-01-16 13:40:45,882+0530","service":"FyersAPIRequest"}
{"level":"DEBUG","location":"[get_call:137] fyersModel","message":{"Status Code":200,"API":"/quotes"},"timestamp":"2025-01-16 13:40:47,375+0530","service":"FyersAPIRequest"}
{"level":"DEBUG","location":"[get_call:137] fyersModel","message":{"Status Code":200,"API":"/quotes"},"timestamp":"2025-01-16 13:40:47,994+0530","service":"FyersAPIRequest"}
{"level":"DEBUG","location":"[get_call:137] fyersModel","message":{"Status Code":200,"API":"/quotes"},"timestamp":"2025-01-16 13:40:48,584+0530","service":"FyersAPIRequest"}
{"level":"DEBUG","location":"[get_call:137] fyersModel","message":{"Status Code":200,"API":"/quotes"},"timestamp":"2025-01-16 13:41:40,244+0530","service":"FyersAPIRequest"}
{"level":"DEBUG","location":"[get_call:137] fyersModel","message":{"Status Code":200,"API":"/quotes"},"timestamp":"2025-01-16 13:41:40,856+0530","service":"FyersAPIRequest"}
{"level":"DEBUG","location":"[get_call:137] fyersModel","message":{"Status Code":200,"API":"/quotes"},"timestamp":"2025-01-16 13:41:41,547+0530","service":"FyersAPIRequest"}
{"level":"DEBUG","location":"[get_call:137] fyersModel","message":{"Status Code":200,"API":"/quotes"},"timestamp":"2025-01-16 13:41:42,153+0530","service":"FyersAPIRequest"}
{"level":"DEBUG","location":"[get_call:137] fyersModel","message":{"Status Code":200,"API":"/quotes"},"timestamp":"2025-01-16 13:41:42,768+0530","service":"FyersAPIRequest"}
{"level":"DEBUG","location":"[get_call:137] fyersModel","message":{"Status Code":200,"API":"/quotes"},"timestamp":"2025-01-16 13:41:43,389+0530","service":"FyersAPIRequest"}
{"level":"DEBUG","location":"[get_call:137] fyersModel","message":{"Status Code":200,"API":"/quotes"},"timestamp":"2025-01-16 13:43:19,207+0530","service":"FyersAPIRequest"}
{"level":"DEBUG","location":"[get_call:137] fyersModel","message":{"Status Code":200,"API":"/quotes"},"timestamp":"2025-01-16 13:43:20,512+0530","service":"FyersAPIRequest"}
{"level":"DEBUG","location":"[get_call:137] fyersModel","message":{"Status Code":200,"API":"/quotes"},"timestamp":"2025-01-16 13:43:21,870+0530","service":"FyersAPIRequest"}
{"level":"DEBUG","location":"[get_call:137] fyersModel","message":{"Status Code":200,"API":"/quotes"},"timestamp":"2025-01-16 13:43:23,407+0530","service":"FyersAPIRequest"}
{"level":"DEBUG","location":"[get_call:137] fyersModel","message":{"Status Code":200,"API":"/quotes"},"timestamp":"2025-01-16 13:43:24,321+0530","service":"FyersAPIRequest"}
{"level":"DEBUG","location":"[get_call:137] fyersModel","message":{"Status Code":200,"API":"/quotes"},"timestamp":"2025-01-16 13:43:25,924+0530","service":"FyersAPIRequest"}
{"level":"DEBUG","location":"[get_call:137] fyersModel","message":{"Status Code":200,"API":"/quotes"},"timestamp":"2025-01-16 13:44:25,594+0530","service":"FyersAPIRequest"}
{"level":"DEBUG","location":"[get_call:137] fyersModel","message":{"Status Code":200,"API":"/quotes"},"timestamp":"2025-01-16 13:44:26,828+0530","service":"FyersAPIRequest"}
{"level":"DEBUG","location":"[get_call:137] fyersModel","message":{"Status Code":200,"API":"/quotes"},"timestamp":"2025-01-16 13:44:28,029+0530","service":"FyersAPIRequest"}
{"level":"DEBUG","location":"[get_call:137] fyersModel","message":{"Status Code":200,"API":"/quotes"},"timestamp":"2025-01-16 13:44:28,539+0530","service":"FyersAPIRequest"}
{"level":"DEBUG","location":"[get_call:137] fyersModel","message":{"Status Code":200,"API":"/quotes"},"timestamp":"2025-01-16 13:44:29,078+0530","service":"FyersAPIRequest"}
{"level":"DEBUG","location":"[get_call:137] fyersModel","message":{"Status Code":200,"API":"/quotes"},"timestamp":"2025-01-16 13:44:29,644+0530","service":"FyersAPIRequest"}
{"level":"DEBUG","location":"[get_call:137] fyersModel","message":{"Status Code":200,"API":"/quotes"},"timestamp":"2025-01-16 13:44:30,346+0530","service":"FyersAPIRequest"}
{"level":"DEBUG","location":"[get_call:137] fyersModel","message":{"Status Code":200,"API":"/quotes"},"timestamp":"2025-01-16 13:46:07,841+0530","service":"FyersAPIRequest"}
{"level":"DEBUG","location":"[get_call:137] fyersModel","message":{"Status Code":200,"API":"/quotes"},"timestamp":"2025-01-16 13:46:08,556+0530","service":"FyersAPIRequest"}
{"level":"DEBUG","location":"[get_call:137] fyersModel","message":{"Status Code":200,"API":"/quotes"},"timestamp":"2025-01-16 13:46:09,184+0530","service":"FyersAPIRequest"}
{"level":"DEBUG","location":"[get_call:137] fyersModel","message":{"Status Code":200,"API":"/quotes"},"timestamp":"2025-01-16 13:46:09,815+0530","service":"FyersAPIRequest"}
{"level":"DEBUG","location":"[get_call:137] fyersModel","message":{"Status Code":200,"API":"/quotes"},"timestamp":"2025-01-16 13:46:10,680+0530","service":"FyersAPIRequest"}
{"level":"DEBUG","location":"[get_call:137] fyersModel","message":{"Status Code":200,"API":"/quotes"},"timestamp":"2025-01-16 13:46:11,450+0530","service":"FyersAPIRequest"}
{"level":"DEBUG","location":"[get_call:137] fyersModel","message":{"Status Code":200,"API":"/quotes"},"timestamp":"2025-01-16 13:46:12,140+0530","service":"FyersAPIRequest"}
{"level":"DEBUG","location":"[get_call:137] fyersModel","message":{"Status Code":200,"API":"/quotes"},"timestamp":"2025-01-16 13:46:12,894+0530","service":"FyersAPIRequest"}
{"level":"DEBUG","location":"[get_call:137] fyersModel","message":{"Status Code":200,"API":"/profile"},"timestamp":"2025-01-16 13:54:32,169+0530","service":"FyersAPIRequest","taskName":"Task-2"}
{"level":"DEBUG","location":"[get_call:137] fyersModel","message":{"Status Code":200,"API":"/profile"},"timestamp":"2025-01-16 13:54:51,801+0530","service":"FyersAPIRequest","taskName":"Task-2"}
{"level":"DEBUG","location":"[get_call:137] fyersModel","message":{"Status Code":200,"API":"/profile"},"timestamp":"2025-01-16 13:57:17,241+0530","service":"FyersAPIRequest","taskName":"Task-2"}
{"level":"DEBUG","location":"[get_call:137] fyersModel","message":{"Status Code":200,"API":"/profile"},"timestamp":"2025-01-16 13:57:17,855+0530","service":"FyersAPIRequest","taskName":"Task-2"}
{"level":"DEBUG","location":"[get_call:137] fyersModel","message":{"Status Code":200,"API":"/profile"},"timestamp":"2025-01-16 14:02:38,171+0530","service":"FyersAPIRequest","taskName":"Task-2"}
{"level":"DEBUG","location":"[get_call:137] fyersModel","message":{"Status Code":200,"API":"/profile"},"timestamp":"2025-01-16 14:02:38,787+0530","service":"FyersAPIRequest","taskName":"Task-2"}
{"level":"DEBUG","location":"[get_call:137] fyersModel","message":{"Status Code":200,"API":"/profile"},"timestamp":"2025-01-16 14:05:59,905+0530","service":"FyersAPIRequest","taskName":"Task-2"}
{"level":"DEBUG","location":"[get_call:137] fyersModel","message":{"Status Code":200,"API":"/profile"},"timestamp":"2025-01-16 14:06:00,621+0530","service":"FyersAPIRequest","taskName":"Task-2"}
{"level":"DEBUG","location":"[get_call:137] fyersModel","message":{"Status Code":200,"API":"/profile"},"timestamp":"2025-01-16 14:09:50,926+0530","service":"FyersAPIRequest","taskName":"Task-2"}
{"level":"DEBUG","location":"[get_call:137] fyersModel","message":{"Status Code":200,"API":"/profile"},"timestamp":"2025-01-16 14:09:51,539+0530","service":"FyersAPIRequest","taskName":"Task-2"}
{"level":"DEBUG","location":"[get_call:137] fyersModel","message":{"Status Code":200,"API":"/profile"},"timestamp":"2025-01-16 14:38:21,729+0530","service":"FyersAPIRequest","taskName":"Task-2"}
{"level":"DEBUG","location":"[get_call:137] fyersModel","message":{"Status Code":200,"API":"/profile"},"timestamp":"2025-01-16 14:38:22,466+0530","service":"FyersAPIRequest","taskName":"Task-2"}
{"level":"DEBUG","location":"[get_call:137] fyersModel","message":{"Status Code":200,"API":"/profile"},"timestamp":"2025-01-16 14:43:07,249+0530","service":"FyersAPIRequest","taskName":"Task-2"}
{"level":"DEBUG","location":"[get_call:137] fyersModel","message":{"Status Code":200,"API":"/profile"},"timestamp":"2025-01-16 14:43:08,272+0530","service":"FyersAPIRequest","taskName":"Task-2"}
{"level":"DEBUG","location":"[get_call:137] fyersModel","message":{"Status Code":200,"API":"/profile"},"timestamp":"2025-01-16 14:44:26,676+0530","service":"FyersAPIRequest","taskName":"Task-2"}
{"level":"DEBUG","location":"[get_call:137] fyersModel","message":{"Status Code":200,"API":"/profile"},"timestamp":"2025-01-16 14:44:27,272+0530","service":"FyersAPIRequest","taskName":"Task-2"}
{"level":"DEBUG","location":"[get_call:137] fyersModel","message":{"Status Code":200,"API":"/profile"},"timestamp":"2025-01-16 14:46:46,809+0530","service":"FyersAPIRequest","taskName":"Task-2"}
{"level":"DEBUG","location":"[get_call:137] fyersModel","message":{"Status Code":200,"API":"/profile"},"timestamp":"2025-01-16 14:46:47,516+0530","service":"FyersAPIRequest","taskName":"Task-2"}
{"level":"DEBUG","location":"[get_call:137] fyersModel","message":{"Status Code":200,"API":"/profile"},"timestamp":"2025-01-16 14:48:46,080+0530","service":"FyersAPIRequest","taskName":"Task-2"}
{"level":"DEBUG","location":"[get_call:137] fyersModel","message":{"Status Code":200,"API":"/profile"},"timestamp":"2025-01-16 14:48:46,717+0530","service":"FyersAPIRequest","taskName":"Task-2"}
{"level":"DEBUG","location":"[get_call:137] fyersModel","message":{"Status Code":200,"API":"/profile"},"timestamp":"2025-01-16 14:50:28,725+0530","service":"FyersAPIRequest","taskName":"Task-2"}
{"level":"DEBUG","location":"[get_call:137] fyersModel","message":{"Status Code":200,"API":"/profile"},"timestamp":"2025-01-16 14:50:29,778+0530","service":"FyersAPIRequest","taskName":"Task-2"}
{"level":"DEBUG","location":"[get_call:137] fyersModel","message":{"Status Code":200,"API":"/quotes"},"timestamp":"2025-01-16 14:56:20,818+0530","service":"FyersAPIRequest"}
{"level":"DEBUG","location":"[get_call:137] fyersModel","message":{"Status Code":200,"API":"/quotes"},"timestamp":"2025-01-16 14:56:21,639+0530","service":"FyersAPIRequest"}
{"level":"DEBUG","location":"[get_call:137] fyersModel","message":{"Status Code":200,"API":"/quotes"},"timestamp":"2025-01-16 14:56:22,405+0530","service":"FyersAPIRequest"}
{"level":"DEBUG","location":"[get_call:137] fyersModel","message":{"Status Code":200,"API":"/quotes"},"timestamp":"2025-01-16 14:56:23,304+0530","service":"FyersAPIRequest"}
{"level":"DEBUG","location":"[get_call:137] fyersModel","message":{"Status Code":200,"API":"/quotes"},"timestamp":"2025-01-16 14:56:24,248+0530","service":"FyersAPIRequest"}
{"level":"DEBUG","location":"[get_call:137] fyersModel","message":{"Status Code":200,"API":"/quotes"},"timestamp":"2025-01-16 14:56:25,688+0530","service":"FyersAPIRequest"}
{"level":"DEBUG","location":"[get_call:137] fyersModel","message":{"Status Code":200,"API":"/quotes"},"timestamp":"2025-01-16 14:56:26,809+0530","service":"FyersAPIRequest"}
{"level":"DEBUG","location":"[get_call:137] fyersModel","message":{"Status Code":200,"API":"/quotes"},"timestamp":"2025-01-16 14:56:27,750+0530","service":"FyersAPIRequest"}
{"level":"DEBUG","location":"[get_call:137] fyersModel","message":{"Status Code":200,"API":"/profile"},"timestamp":"2025-01-16 14:56:50,260+0530","service":"FyersAPIRequest"}
{"level":"DEBUG","location":"[get_call:137] fyersModel","message":{"Status Code":200,"API":"/quotes"},"timestamp":"2025-01-16 14:57:45,660+0530","service":"FyersAPIRequest"}
{"level":"DEBUG","location":"[get_call:137] fyersModel","message":{"Status Code":200,"API":"/quotes"},"timestamp":"2025-01-16 14:57:46,401+0530","service":"FyersAPIRequest"}
{"level":"DEBUG","location":"[get_call:137] fyersModel","message":{"Status Code":200,"API":"/quotes"},"timestamp":"2025-01-16 14:57:47,196+0530","service":"FyersAPIRequest"}
{"level":"DEBUG","location":"[get_call:137] fyersModel","message":{"Status Code":200,"API":"/quotes"},"timestamp":"2025-01-16 14:57:48,014+0530","service":"FyersAPIRequest"}
{"level":"DEBUG","location":"[get_call:137] fyersModel","message":{"Status Code":200,"API":"/quotes"},"timestamp":"2025-01-16 14:57:48,834+0530","service":"FyersAPIRequest"}
{"level":"DEBUG","location":"[get_call:137] fyersModel","message":{"Status Code":200,"API":"/quotes"},"timestamp":"2025-01-16 14:57:49,607+0530","service":"FyersAPIRequest"}
{"level":"DEBUG","location":"[get_call:137] fyersModel","message":{"Status Code":200,"API":"/quotes"},"timestamp":"2025-01-16 14:57:50,473+0530","service":"FyersAPIRequest"}
{"level":"DEBUG","location":"[get_call:137] fyersModel","message":{"Status Code":200,"API":"/quotes"},"timestamp":"2025-01-16 14:57:51,291+0530","service":"FyersAPIRequest"}
{"level":"DEBUG","location":"[get_call:137] fyersModel","message":{"Status Code":200,"API":"/profile"},"timestamp":"2025-01-16 15:43:10,810+0530","service":"FyersAPIRequest","taskName":"Task-2"}
{"level":"DEBUG","location":"[get_call:137] fyersModel","message":{"Status Code":200,"API":"/profile"},"timestamp":"2025-01-16 15:43:11,156+0530","service":"FyersAPIRequest","taskName":"Task-2"}
{"level":"DEBUG","location":"[get_call:137] fyersModel","message":{"Status Code":200,"API":"/quotes"},"timestamp":"2025-01-16 15:43:16,942+0530","service":"FyersAPIRequest","taskName":"Task-12"}
{"level":"DEBUG","location":"[get_call:137] fyersModel","message":{"Status Code":200,"API":"/quotes"},"timestamp":"2025-01-16 15:44:51,054+0530","service":"FyersAPIRequest","taskName":"Task-80"}
{"level":"DEBUG","location":"[get_call:137] fyersModel","message":{"Status Code":200,"API":"/history"},"timestamp":"2025-01-16 15:47:43,808+0530","service":"FyersAPIRequest"}
{"level":"DEBUG","location":"[get_call:137] fyersModel","message":{"Status Code":200,"API":"/history"},"timestamp":"2025-01-16 15:47:44,330+0530","service":"FyersAPIRequest"}
{"level":"DEBUG","location":"[get_call:137] fyersModel","message":{"Status Code":200,"API":"/history"},"timestamp":"2025-01-16 15:47:44,800+0530","service":"FyersAPIRequest"}
{"level":"DEBUG","location":"[get_call:137] fyersModel","message":{"Status Code":200,"API":"/history"},"timestamp":"2025-01-16 15:48:14,095+0530","service":"FyersAPIRequest"}
{"level":"DEBUG","location":"[get_call:137] fyersModel","message":{"Status Code":200,"API":"/history"},"timestamp":"2025-01-16 15:48:14,700+0530","service":"FyersAPIRequest"}
{"level":"DEBUG","location":"[get_call:137] fyersModel","message":{"Status Code":200,"API":"/history"},"timestamp":"2025-01-16 15:48:15,269+0530","service":"FyersAPIRequest"}
{"level":"DEBUG","location":"[get_call:137] fyersModel","message":{"Status Code":200,"API":"/profile"},"timestamp":"2025-01-16 15:48:55,234+0530","service":"FyersAPIRequest","taskName":"Task-2"}
{"level":"DEBUG","location":"[get_call:137] fyersModel","message":{"Status Code":200,"API":"/profile"},"timestamp":"2025-01-16 15:48:55,593+0530","service":"FyersAPIRequest","taskName":"Task-2"}
{"level":"DEBUG","location":"[get_call:137] fyersModel","message":{"Status Code":200,"API":"/quotes"},"timestamp":"2025-01-16 15:49:10,764+0530","service":"FyersAPIRequest","taskName":"Task-12"}
{"level":"DEBUG","location":"[get_call:137] fyersModel","message":{"Status Code":200,"API":"/history"},"timestamp":"2025-01-16 15:49:12,777+0530","service":"FyersAPIRequest"}
{"level":"DEBUG","location":"[get_call:137] fyersModel","message":{"Status Code":200,"API":"/history"},"timestamp":"2025-01-16 15:49:13,140+0530","service":"FyersAPIRequest"}
{"level":"DEBUG","location":"[get_call:137] fyersModel","message":{"Status Code":200,"API":"/history"},"timestamp":"2025-01-16 15:49:13,519+0530","service":"FyersAPIRequest"}
{"level":"DEBUG","location":"[get_call:137] fyersModel","message":{"Status Code":200,"API":"/quotes"},"timestamp":"2025-01-16 15:59:46,065+0530","service":"FyersAPIRequest","taskName":"Task-300"}
{"level":"DEBUG","location":"[get_call:137] fyersModel","message":{"Status Code":200,"API":"/history"},"timestamp":"2025-01-16 15:59:48,046+0530","service":"FyersAPIRequest"}
{"level":"DEBUG","location":"[get_call:137] fyersModel","message":{"Status Code":200,"API":"/history"},"timestamp":"2025-01-16 15:59:48,491+0530","service":"FyersAPIRequest"}
{"level":"DEBUG","location":"[get_call:137] fyersModel","message":{"Status Code":200,"API":"/history"},"timestamp":"2025-01-16 15:59:49,018+0530","service":"FyersAPIRequest"}
{"level":"DEBUG","location":"[get_call:137] fyersModel","message":{"Status Code":200,"API":"/history"},"timestamp":"2025-01-16 16:00:04,585+0530","service":"FyersAPIRequest"}
{"level":"DEBUG","location":"[get_call:137] fyersModel","message":{"Status Code":200,"API":"/history"},"timestamp":"2025-01-16 16:00:05,039+0530","service":"FyersAPIRequest"}
{"level":"DEBUG","location":"[get_call:137] fyersModel","message":{"Status Code":200,"API":"/history"},"timestamp":"2025-01-16 16:00:05,510+0530","service":"FyersAPIRequest"}
{"level":"DEBUG","location":"[get_call:137] fyersModel","message":{"Status Code":200,"API":"/profile"},"timestamp":"2025-01-16 16:12:49,096+0530","service":"FyersAPIRequest","taskName":"Task-2"}
{"level":"DEBUG","location":"[get_call:137] fyersModel","message":{"Status Code":200,"API":"/profile"},"timestamp":"2025-01-16 16:12:49,448+0530","service":"FyersAPIRequest","taskName":"Task-2"}
{"level":"DEBUG","location":"[get_call:137] fyersModel","message":{"Status Code":200,"API":"/quotes"},"timestamp":"2025-01-16 16:13:00,912+0530","service":"FyersAPIRequest","taskName":"Task-12"}
{"level":"DEBUG","location":"[get_call:137] fyersModel","message":{"Status Code":200,"API":"/history"},"timestamp":"2025-01-16 16:13:06,384+0530","service":"FyersAPIRequest"}
{"level":"DEBUG","location":"[get_call:137] fyersModel","message":{"Status Code":200,"API":"/history"},"timestamp":"2025-01-16 16:13:06,888+0530","service":"FyersAPIRequest"}
{"level":"DEBUG","location":"[get_call:137] fyersModel","message":{"Status Code":200,"API":"/history"},"timestamp":"2025-01-16 16:13:07,429+0530","service":"FyersAPIRequest"}
{"level":"DEBUG","location":"[get_call:137] fyersModel","message":{"Status Code":200,"API":"/quotes"},"timestamp":"2025-01-16 16:20:35,911+0530","service":"FyersAPIRequest","taskName":"Task-228"}
{"level":"DEBUG","location":"[get_call:137] fyersModel","message":{"Status Code":200,"API":"/history"},"timestamp":"2025-01-16 16:20:38,560+0530","service":"FyersAPIRequest"}
{"level":"DEBUG","location":"[get_call:137] fyersModel","message":{"Status Code":200,"API":"/history"},"timestamp":"2025-01-16 16:20:38,956+0530","service":"FyersAPIRequest"}
{"level":"DEBUG","location":"[get_call:137] fyersModel","message":{"Status Code":200,"API":"/history"},"timestamp":"2025-01-16 16:20:39,367+0530","service":"FyersAPIRequest"}
{"level":"DEBUG","location":"[get_call:137] fyersModel","message":{"Status Code":200,"API":"/quotes"},"timestamp":"2025-01-16 16:24:08,624+0530","service":"FyersAPIRequest","taskName":"Task-304"}
{"level":"DEBUG","location":"[get_call:137] fyersModel","message":{"Status Code":200,"API":"/history"},"timestamp":"2025-01-16 16:24:10,454+0530","service":"FyersAPIRequest"}
{"level":"DEBUG","location":"[get_call:137] fyersModel","message":{"Status Code":200,"API":"/history"},"timestamp":"2025-01-16 16:24:10,988+0530","service":"FyersAPIRequest"}
{"level":"DEBUG","location":"[get_call:137] fyersModel","message":{"Status Code":200,"API":"/history"},"timestamp":"2025-01-16 16:24:11,506+0530","service":"FyersAPIRequest"}
{"level":"DEBUG","location":"[get_call:137] fyersModel","message":{"Status Code":200,"API":"/history"},"timestamp":"2025-01-16 16:24:50,064+0530","service":"FyersAPIRequest"}
{"level":"DEBUG","location":"[get_call:137] fyersModel","message":{"Status Code":200,"API":"/history"},"timestamp":"2025-01-16 16:24:50,558+0530","service":"FyersAPIRequest"}
{"level":"DEBUG","location":"[get_call:137] fyersModel","message":{"Status Code":200,"API":"/history"},"timestamp":"2025-01-16 16:24:51,061+0530","service":"FyersAPIRequest"}
{"level":"DEBUG","location":"[get_call:137] fyersModel","message":{"Status Code":200,"API":"/history"},"timestamp":"2025-01-16 16:25:45,745+0530","service":"FyersAPIRequest"}
{"level":"DEBUG","location":"[get_call:137] fyersModel","message":{"Status Code":200,"API":"/history"},"timestamp":"2025-01-16 16:25:46,147+0530","service":"FyersAPIRequest"}
{"level":"DEBUG","location":"[get_call:137] fyersModel","message":{"Status Code":200,"API":"/history"},"timestamp":"2025-01-16 16:25:46,574+0530","service":"FyersAPIRequest"}
{"level":"DEBUG","location":"[get_call:137] fyersModel","message":{"Status Code":200,"API":"/quotes"},"timestamp":"2025-01-16 16:37:32,359+0530","service":"FyersAPIRequest","taskName":"Task-600"}
{"level":"DEBUG","location":"[get_call:137] fyersModel","message":{"Status Code":200,"API":"/history"},"timestamp":"2025-01-16 16:37:34,267+0530","service":"FyersAPIRequest"}
{"level":"DEBUG","location":"[get_call:137] fyersModel","message":{"Status Code":200,"API":"/history"},"timestamp":"2025-01-16 16:37:34,839+0530","service":"FyersAPIRequest"}
{"level":"DEBUG","location":"[get_call:137] fyersModel","message":{"Status Code":200,"API":"/history"},"timestamp":"2025-01-16 16:37:35,331+0530","service":"FyersAPIRequest"}
{"level":"DEBUG","location":"[get_call:137] fyersModel","message":{"Status Code":200,"API":"/quotes"},"timestamp":"2025-01-16 16:41:43,603+0530","service":"FyersAPIRequest","taskName":"Task-732"}
{"level":"DEBUG","location":"[get_call:137] fyersModel","message":{"Status Code":200,"API":"/history"},"timestamp":"2025-01-16 16:42:02,189+0530","service":"FyersAPIRequest"}
{"level":"DEBUG","location":"[get_call:137] fyersModel","message":{"Status Code":200,"API":"/history"},"timestamp":"2025-01-16 16:42:02,600+0530","service":"FyersAPIRequest"}
{"level":"DEBUG","location":"[get_call:137] fyersModel","message":{"Status Code":200,"API":"/history"},"timestamp":"2025-01-16 16:42:03,038+0530","service":"FyersAPIRequest"}
{"level":"DEBUG","location":"[get_call:137] fyersModel","message":{"Status Code":200,"API":"/quotes"},"timestamp":"2025-01-16 16:50:24,631+0530","service":"FyersAPIRequest","taskName":"Task-952"}
{"level":"DEBUG","location":"[get_call:137] fyersModel","message":{"Status Code":200,"API":"/history"},"timestamp":"2025-01-16 16:50:26,835+0530","service":"FyersAPIRequest"}
{"level":"DEBUG","location":"[get_call:137] fyersModel","message":{"Status Code":200,"API":"/history"},"timestamp":"2025-01-16 16:50:27,225+0530","service":"FyersAPIRequest"}
{"level":"DEBUG","location":"[get_call:137] fyersModel","message":{"Status Code":200,"API":"/history"},"timestamp":"2025-01-16 16:50:27,627+0530","service":"FyersAPIRequest"}
{"level":"DEBUG","location":"[get_call:137] fyersModel","message":{"Status Code":200,"API":"/quotes"},"timestamp":"2025-01-16 16:54:46,076+0530","service":"FyersAPIRequest","taskName":"Task-1028"}
{"level":"DEBUG","location":"[get_call:137] fyersModel","message":{"Status Code":200,"API":"/history"},"timestamp":"2025-01-16 16:54:56,446+0530","service":"FyersAPIRequest"}
{"level":"DEBUG","location":"[get_call:137] fyersModel","message":{"Status Code":200,"API":"/history"},"timestamp":"2025-01-16 16:54:56,953+0530","service":"FyersAPIRequest"}
{"level":"DEBUG","location":"[get_call:137] fyersModel","message":{"Status Code":200,"API":"/history"},"timestamp":"2025-01-16 16:54:57,470+0530","service":"FyersAPIRequest"}
{"level":"DEBUG","location":"[get_call:137] fyersModel","message":{"Status Code":200,"API":"/history"},"timestamp":"2025-01-16 16:55:24,516+0530","service":"FyersAPIRequest"}
{"level":"DEBUG","location":"[get_call:137] fyersModel","message":{"Status Code":200,"API":"/history"},"timestamp":"2025-01-16 16:55:25,762+0530","service":"FyersAPIRequest"}
{"level":"DEBUG","location":"[get_call:137] fyersModel","message":{"Status Code":200,"API":"/history"},"timestamp":"2025-01-16 16:55:26,302+0530","service":"FyersAPIRequest"}
{"level":"DEBUG","location":"[get_call:137] fyersModel","message":{"Status Code":200,"API":"/history"},"timestamp":"2025-01-16 16:55:47,330+0530","service":"FyersAPIRequest"}
{"level":"DEBUG","location":"[get_call:137] fyersModel","message":{"Status Code":200,"API":"/history"},"timestamp":"2025-01-16 16:55:47,836+0530","service":"FyersAPIRequest"}
{"level":"DEBUG","location":"[get_call:137] fyersModel","message":{"Status Code":200,"API":"/history"},"timestamp":"2025-01-16 16:55:48,351+0530","service":"FyersAPIRequest"}
{"level":"DEBUG","location":"[get_call:137] fyersModel","message":{"Status Code":200,"API":"/quotes"},"timestamp":"2025-01-16 17:03:51,379+0530","service":"FyersAPIRequest","taskName":"Task-1100"}
{"level":"DEBUG","location":"[get_call:137] fyersModel","message":{"Status Code":200,"API":"/history"},"timestamp":"2025-01-16 17:03:55,361+0530","service":"FyersAPIRequest"}
{"level":"DEBUG","location":"[get_call:137] fyersModel","message":{"Status Code":200,"API":"/history"},"timestamp":"2025-01-16 17:03:56,274+0530","service":"FyersAPIRequest"}
{"level":"DEBUG","location":"[get_call:137] fyersModel","message":{"Status Code":200,"API":"/history"},"timestamp":"2025-01-16 17:03:56,895+0530","service":"FyersAPIRequest"}
{"level":"DEBUG","location":"[get_call:137] fyersModel","message":{"Status Code":200,"API":"/profile"},"timestamp":"2025-01-16 20:26:22,278+0530","service":"FyersAPIRequest","taskName":"Task-2"}
{"level":"DEBUG","location":"[get_call:137] fyersModel","message":{"Status Code":200,"API":"/profile"},"timestamp":"2025-01-16 20:26:22,885+0530","service":"FyersAPIRequest","taskName":"Task-2"}
{"level":"DEBUG","location":"[get_call:137] fyersModel","message":{"Status Code":200,"API":"/quotes"},"timestamp":"2025-01-16 20:26:56,590+0530","service":"FyersAPIRequest","taskName":"Task-12"}
{"level":"DEBUG","location":"[get_call:137] fyersModel","message":{"Status Code":200,"API":"/history"},"timestamp":"2025-01-16 20:27:04,862+0530","service":"FyersAPIRequest"}
{"level":"DEBUG","location":"[get_call:137] fyersModel","message":{"Status Code":200,"API":"/history"},"timestamp":"2025-01-16 20:27:05,452+0530","service":"FyersAPIRequest"}
{"level":"DEBUG","location":"[get_call:137] fyersModel","message":{"Status Code":200,"API":"/history"},"timestamp":"2025-01-16 20:27:06,048+0530","service":"FyersAPIRequest"}
{"level":"DEBUG","location":"[get_call:137] fyersModel","message":{"Status Code":200,"API":"/quotes"},"timestamp":"2025-01-16 20:28:58,362+0530","service":"FyersAPIRequest","taskName":"Task-16"}
{"level":"DEBUG","location":"[get_call:137] fyersModel","message":{"Status Code":200,"API":"/history"},"timestamp":"2025-01-16 20:29:23,215+0530","service":"FyersAPIRequest"}
{"level":"DEBUG","location":"[get_call:137] fyersModel","message":{"Status Code":200,"API":"/history"},"timestamp":"2025-01-16 20:29:24,381+0530","service":"FyersAPIRequest"}
{"level":"DEBUG","location":"[get_call:137] fyersModel","message":{"Status Code":200,"API":"/history"},"timestamp":"2025-01-16 20:29:26,328+0530","service":"FyersAPIRequest"}
{"level":"DEBUG","location":"[get_call:137] fyersModel","message":{"Status Code":200,"API":"/history"},"timestamp":"2025-01-16 20:30:13,995+0530","service":"FyersAPIRequest"}
{"level":"DEBUG","location":"[get_call:137] fyersModel","message":{"Status Code":200,"API":"/history"},"timestamp":"2025-01-16 20:30:15,123+0530","service":"FyersAPIRequest"}
{"level":"DEBUG","location":"[get_call:137] fyersModel","message":{"Status Code":200,"API":"/history"},"timestamp":"2025-01-16 20:30:16,171+0530","service":"FyersAPIRequest"}
{"level":"DEBUG","location":"[get_call:137] fyersModel","message":{"Status Code":200,"API":"/profile"},"timestamp":"2025-01-16 20:39:55,478+0530","service":"FyersAPIRequest","taskName":"Task-2"}
{"level":"DEBUG","location":"[get_call:137] fyersModel","message":{"Status Code":200,"API":"/profile"},"timestamp":"2025-01-16 20:39:56,076+0530","service":"FyersAPIRequest","taskName":"Task-2"}
{"level":"DEBUG","location":"[get_call:137] fyersModel","message":{"Status Code":200,"API":"/history"},"timestamp":"2025-01-16 20:41:26,750+0530","service":"FyersAPIRequest"}
{"level":"DEBUG","location":"[get_call:137] fyersModel","message":{"Status Code":200,"API":"/history"},"timestamp":"2025-01-16 20:41:27,592+0530","service":"FyersAPIRequest"}
{"level":"DEBUG","location":"[get_call:137] fyersModel","message":{"Status Code":200,"API":"/history"},"timestamp":"2025-01-16 20:41:28,431+0530","service":"FyersAPIRequest"}
{"level":"DEBUG","location":"[get_call:137] fyersModel","message":{"Status Code":200,"API":"/quotes"},"timestamp":"2025-01-16 20:41:50,989+0530","service":"FyersAPIRequest","taskName":"Task-14"}
{"level":"DEBUG","location":"[get_call:137] fyersModel","message":{"Status Code":200,"API":"/history"},"timestamp":"2025-01-16 20:41:56,412+0530","service":"FyersAPIRequest"}
{"level":"DEBUG","location":"[get_call:137] fyersModel","message":{"Status Code":200,"API":"/history"},"timestamp":"2025-01-16 20:41:57,946+0530","service":"FyersAPIRequest"}
{"level":"DEBUG","location":"[get_call:137] fyersModel","message":{"Status Code":200,"API":"/history"},"timestamp":"2025-01-16 20:41:59,698+0530","service":"FyersAPIRequest"}
{"level":"DEBUG","location":"[get_call:137] fyersModel","message":{"Status Code":200,"API":"/quotes"},"timestamp":"2025-01-16 21:01:51,969+0530","service":"FyersAPIRequest","taskName":"Task-18"}
{"level":"DEBUG","location":"[get_call:137] fyersModel","message":{"Status Code":200,"API":"/history"},"timestamp":"2025-01-16 21:03:38,640+0530","service":"FyersAPIRequest"}
{"level":"DEBUG","location":"[get_call:137] fyersModel","message":{"Status Code":200,"API":"/history"},"timestamp":"2025-01-16 21:03:40,528+0530","service":"FyersAPIRequest"}
{"level":"DEBUG","location":"[get_call:137] fyersModel","message":{"Status Code":200,"API":"/history"},"timestamp":"2025-01-16 21:03:42,223+0530","service":"FyersAPIRequest"}
{"level":"DEBUG","location":"[get_call:137] fyersModel","message":{"Status Code":200,"API":"/history"},"timestamp":"2025-01-16 21:03:53,933+0530","service":"FyersAPIRequest"}
{"level":"DEBUG","location":"[get_call:137] fyersModel","message":{"Status Code":200,"API":"/history"},"timestamp":"2025-01-16 21:03:55,530+0530","service":"FyersAPIRequest"}
{"level":"DEBUG","location":"[get_call:137] fyersModel","message":{"Status Code":200,"API":"/history"},"timestamp":"2025-01-16 21:03:56,404+0530","service":"FyersAPIRequest"}
{"level":"DEBUG","location":"[get_call:137] fyersModel","message":{"Status Code":200,"API":"/history"},"timestamp":"2025-01-16 21:06:42,499+0530","service":"FyersAPIRequest"}
{"level":"DEBUG","location":"[get_call:137] fyersModel","message":{"Status Code":200,"API":"/history"},"timestamp":"2025-01-16 21:06:43,560+0530","service":"FyersAPIRequest"}
{"level":"DEBUG","location":"[get_call:137] fyersModel","message":{"Status Code":200,"API":"/history"},"timestamp":"2025-01-16 21:06:44,229+0530","service":"FyersAPIRequest"}
{"level":"DEBUG","location":"[get_call:137] fyersModel","message":{"Status Code":200,"API":"/quotes"},"timestamp":"2025-01-16 21:11:53,057+0530","service":"FyersAPIRequest","taskName":"Task-27"}
{"level":"DEBUG","location":"[get_call:137] fyersModel","message":{"Status Code":200,"API":"/history"},"timestamp":"2025-01-16 21:11:56,133+0530","service":"FyersAPIRequest"}
{"level":"DEBUG","location":"[get_call:137] fyersModel","message":{"Status Code":200,"API":"/history"},"timestamp":"2025-01-16 21:11:56,965+0530","service":"FyersAPIRequest"}
{"level":"DEBUG","location":"[get_call:137] fyersModel","message":{"Status Code":200,"API":"/history"},"timestamp":"2025-01-16 21:11:58,420+0530","service":"FyersAPIRequest"}
{"level":"DEBUG","location":"[get_call:137] fyersModel","message":{"Status Code":200,"API":"/quotes"},"timestamp":"2025-01-16 21:14:07,801+0530","service":"FyersAPIRequest","taskName":"Task-31"}
{"level":"DEBUG","location":"[get_call:137] fyersModel","message":{"Status Code":200,"API":"/history"},"timestamp":"2025-01-16 21:14:10,985+0530","service":"FyersAPIRequest"}
{"level":"DEBUG","location":"[get_call:137] fyersModel","message":{"Status Code":200,"API":"/history"},"timestamp":"2025-01-16 21:14:20,375+0530","service":"FyersAPIRequest"}
{"level":"DEBUG","location":"[get_call:137] fyersModel","message":{"Status Code":200,"API":"/quotes"},"timestamp":"2025-01-16 21:14:39,619+0530","service":"FyersAPIRequest","taskName":"Task-34"}
{"level":"DEBUG","location":"[get_call:137] fyersModel","message":{"Status Code":200,"API":"/history"},"timestamp":"2025-01-16 21:14:41,563+0530","service":"FyersAPIRequest"}
{"level":"DEBUG","location":"[get_call:137] fyersModel","message":{"Status Code":200,"API":"/history"},"timestamp":"2025-01-16 21:14:43,878+0530","service":"FyersAPIRequest"}
{"level":"DEBUG","location":"[get_call:137] fyersModel","message":{"Status Code":200,"API":"/history"},"timestamp":"2025-01-16 21:14:44,785+0530","service":"FyersAPIRequest"}
{"level":"DEBUG","location":"[get_call:137] fyersModel","message":{"Status Code":200,"API":"/history"},"timestamp":"2025-01-16 21:14:45,975+0530","service":"FyersAPIRequest"}
{"level":"DEBUG","location":"[get_call:137] fyersModel","message":{"Status Code":200,"API":"/quotes"},"timestamp":"2025-01-16 21:24:49,738+0530","service":"FyersAPIRequest","taskName":"Task-37"}
{"level":"DEBUG","location":"[get_call:137] fyersModel","message":{"Status Code":200,"API":"/history"},"timestamp":"2025-01-16 21:24:55,425+0530","service":"FyersAPIRequest"}
{"level":"DEBUG","location":"[get_call:137] fyersModel","message":{"Status Code":200,"API":"/history"},"timestamp":"2025-01-16 21:24:56,225+0530","service":"FyersAPIRequest"}
{"level":"DEBUG","location":"[get_call:137] fyersModel","message":{"Status Code":200,"API":"/history"},"timestamp":"2025-01-16 21:24:57,051+0530","service":"FyersAPIRequest"}
{"level":"DEBUG","location":"[get_call:137] fyersModel","message":{"Status Code":200,"API":"/quotes"},"timestamp":"2025-01-16 21:37:37,733+0530","service":"FyersAPIRequest","taskName":"Task-41"}
{"level":"DEBUG","location":"[get_call:137] fyersModel","message":{"Status Code":200,"API":"/history"},"timestamp":"2025-01-16 21:37:44,457+0530","service":"FyersAPIRequest"}
{"level":"DEBUG","location":"[get_call:137] fyersModel","message":{"Status Code":200,"API":"/history"},"timestamp":"2025-01-16 21:37:45,201+0530","service":"FyersAPIRequest"}
{"level":"DEBUG","location":"[get_call:137] fyersModel","message":{"Status Code":200,"API":"/history"},"timestamp":"2025-01-16 21:37:46,183+0530","service":"FyersAPIRequest"}
{"level":"DEBUG","location":"[get_call:137] fyersModel","message":{"Status Code":200,"API":"/quotes"},"timestamp":"2025-01-16 22:06:21,911+0530","service":"FyersAPIRequest","taskName":"Task-45"}
{"level":"DEBUG","location":"[get_call:137] fyersModel","message":{"Status Code":200,"API":"/history"},"timestamp":"2025-01-16 22:09:54,717+0530","service":"FyersAPIRequest"}
{"level":"DEBUG","location":"[get_call:137] fyersModel","message":{"Status Code":200,"API":"/history"},"timestamp":"2025-01-16 22:09:55,828+0530","service":"FyersAPIRequest"}
{"level":"DEBUG","location":"[get_call:137] fyersModel","message":{"Status Code":200,"API":"/history"},"timestamp":"2025-01-16 22:09:56,638+0530","service":"FyersAPIRequest"}
{"level":"DEBUG","location":"[get_call:137] fyersModel","message":{"Status Code":200,"API":"/quotes"},"timestamp":"2025-01-16 22:10:35,996+0530","service":"FyersAPIRequest","taskName":"Task-50"}
{"level":"DEBUG","location":"[get_call:137] fyersModel","message":{"Status Code":200,"API":"/history"},"timestamp":"2025-01-16 22:10:38,867+0530","service":"FyersAPIRequest"}
{"level":"DEBUG","location":"[get_call:137] fyersModel","message":{"Status Code":200,"API":"/history"},"timestamp":"2025-01-16 22:10:39,710+0530","service":"FyersAPIRequest"}
{"level":"DEBUG","location":"[get_call:137] fyersModel","message":{"Status Code":200,"API":"/history"},"timestamp":"2025-01-16 22:10:40,648+0530","service":"FyersAPIRequest"}
{"level":"DEBUG","location":"[get_call:137] fyersModel","message":{"Status Code":200,"API":"/quotes"},"timestamp":"2025-01-16 22:13:56,801+0530","service":"FyersAPIRequest","taskName":"Task-53"}
{"level":"DEBUG","location":"[get_call:137] fyersModel","message":{"Status Code":200,"API":"/history"},"timestamp":"2025-01-16 22:14:02,010+0530","service":"FyersAPIRequest"}
{"level":"DEBUG","location":"[get_call:137] fyersModel","message":{"Status Code":200,"API":"/history"},"timestamp":"2025-01-16 22:14:02,706+0530","service":"FyersAPIRequest"}
{"level":"DEBUG","location":"[get_call:137] fyersModel","message":{"Status Code":200,"API":"/history"},"timestamp":"2025-01-16 22:14:03,444+0530","service":"FyersAPIRequest"}
{"level":"DEBUG","location":"[get_call:137] fyersModel","message":{"Status Code":200,"API":"/history"},"timestamp":"2025-01-16 22:16:59,403+0530","service":"FyersAPIRequest"}
{"level":"DEBUG","location":"[get_call:137] fyersModel","message":{"Status Code":200,"API":"/history"},"timestamp":"2025-01-16 22:17:00,237+0530","service":"FyersAPIRequest"}
{"level":"DEBUG","location":"[get_call:137] fyersModel","message":{"Status Code":200,"API":"/history"},"timestamp":"2025-01-16 22:17:03,098+0530","service":"FyersAPIRequest"}
{"level":"DEBUG","location":"[get_call:137] fyersModel","message":{"Status Code":200,"API":"/quotes"},"timestamp":"2025-01-16 22:18:01,265+0530","service":"FyersAPIRequest","taskName":"Task-60"}
{"level":"DEBUG","location":"[get_call:137] fyersModel","message":{"Status Code":200,"API":"/history"},"timestamp":"2025-01-16 22:18:03,913+0530","service":"FyersAPIRequest"}
{"level":"DEBUG","location":"[get_call:137] fyersModel","message":{"Status Code":200,"API":"/history"},"timestamp":"2025-01-16 22:18:04,672+0530","service":"FyersAPIRequest"}
{"level":"DEBUG","location":"[get_call:137] fyersModel","message":{"Status Code":200,"API":"/history"},"timestamp":"2025-01-16 22:18:05,966+0530","service":"FyersAPIRequest"}
{"level":"DEBUG","location":"[get_call:137] fyersModel","message":{"Status Code":200,"API":"/quotes"},"timestamp":"2025-01-16 22:33:06,523+0530","service":"FyersAPIRequest","taskName":"Task-64"}
{"level":"DEBUG","location":"[get_call:137] fyersModel","message":{"Status Code":200,"API":"/quotes"},"timestamp":"2025-01-16 22:33:12,032+0530","service":"FyersAPIRequest","taskName":"Task-66"}
{"level":"DEBUG","location":"[get_call:137] fyersModel","message":{"Status Code":200,"API":"/quotes"},"timestamp":"2025-01-16 22:33:12,852+0530","service":"FyersAPIRequest","taskName":"Task-67"}
{"level":"DEBUG","location":"[get_call:137] fyersModel","message":{"Status Code":200,"API":"/quotes"},"timestamp":"2025-01-16 22:33:14,087+0530","service":"FyersAPIRequest","taskName":"Task-68"}
{"level":"DEBUG","location":"[get_call:137] fyersModel","message":{"Status Code":200,"API":"/quotes"},"timestamp":"2025-01-16 22:33:14,746+0530","service":"FyersAPIRequest","taskName":"Task-69"}
{"level":"DEBUG","location":"[get_call:137] fyersModel","message":{"Status Code":200,"API":"/quotes"},"timestamp":"2025-01-16 22:33:15,322+0530","service":"FyersAPIRequest","taskName":"Task-70"}
{"level":"DEBUG","location":"[get_call:137] fyersModel","message":{"Status Code":200,"API":"/quotes"},"timestamp":"2025-01-16 22:33:15,999+0530","service":"FyersAPIRequest","taskName":"Task-71"}
{"level":"DEBUG","location":"[get_call:137] fyersModel","message":{"Status Code":200,"API":"/quotes"},"timestamp":"2025-01-16 22:33:16,980+0530","service":"FyersAPIRequest","taskName":"Task-72"}
{"level":"DEBUG","location":"[get_call:137] fyersModel","message":{"Status Code":200,"API":"/history"},"timestamp":"2025-01-16 22:33:19,981+0530","service":"FyersAPIRequest"}
{"level":"DEBUG","location":"[get_call:137] fyersModel","message":{"Status Code":200,"API":"/history"},"timestamp":"2025-01-16 22:33:20,833+0530","service":"FyersAPIRequest"}
{"level":"DEBUG","location":"[get_call:137] fyersModel","message":{"Status Code":200,"API":"/history"},"timestamp":"2025-01-16 22:33:21,635+0530","service":"FyersAPIRequest"}
{"level":"DEBUG","location":"[get_call:137] fyersModel","message":{"Status Code":200,"API":"/history"},"timestamp":"2025-01-16 22:33:24,699+0530","service":"FyersAPIRequest"}
{"level":"DEBUG","location":"[get_call:137] fyersModel","message":{"Status Code":200,"API":"/history"},"timestamp":"2025-01-16 22:33:25,456+0530","service":"FyersAPIRequest"}
{"level":"DEBUG","location":"[get_call:137] fyersModel","message":{"Status Code":200,"API":"/history"},"timestamp":"2025-01-16 22:33:26,117+0530","service":"FyersAPIRequest"}
{"level":"DEBUG","location":"[get_call:137] fyersModel","message":{"Status Code":200,"API":"/history"},"timestamp":"2025-01-16 22:33:29,087+0530","service":"FyersAPIRequest"}
{"level":"DEBUG","location":"[get_call:137] fyersModel","message":{"Status Code":200,"API":"/history"},"timestamp":"2025-01-16 22:33:29,716+0530","service":"FyersAPIRequest"}
{"level":"DEBUG","location":"[get_call:137] fyersModel","message":{"Status Code":200,"API":"/history"},"timestamp":"2025-01-16 22:33:30,479+0530","service":"FyersAPIRequest"}
{"level":"DEBUG","location":"[get_call:137] fyersModel","message":{"Status Code":200,"API":"/quotes"},"timestamp":"2025-01-16 22:33:35,473+0530","service":"FyersAPIRequest","taskName":"Task-76"}
{"level":"DEBUG","location":"[get_call:137] fyersModel","message":{"Status Code":200,"API":"/quotes"},"timestamp":"2025-01-16 22:33:37,940+0530","service":"FyersAPIRequest","taskName":"Task-77"}
{"level":"DEBUG","location":"[get_call:137] fyersModel","message":{"Status Code":200,"API":"/quotes"},"timestamp":"2025-01-16 22:33:38,681+0530","service":"FyersAPIRequest","taskName":"Task-78"}
{"level":"DEBUG","location":"[get_call:137] fyersModel","message":{"Status Code":200,"API":"/quotes"},"timestamp":"2025-01-16 22:33:39,435+0530","service":"FyersAPIRequest","taskName":"Task-79"}
{"level":"DEBUG","location":"[get_call:137] fyersModel","message":{"Status Code":200,"API":"/quotes"},"timestamp":"2025-01-16 22:33:40,180+0530","service":"FyersAPIRequest","taskName":"Task-80"}
{"level":"DEBUG","location":"[get_call:137] fyersModel","message":{"Status Code":200,"API":"/history"},"timestamp":"2025-01-16 22:33:41,499+0530","service":"FyersAPIRequest"}
{"level":"DEBUG","location":"[get_call:137] fyersModel","message":{"Status Code":200,"API":"/history"},"timestamp":"2025-01-16 22:33:42,826+0530","service":"FyersAPIRequest"}
{"level":"DEBUG","location":"[get_call:137] fyersModel","message":{"Status Code":200,"API":"/history"},"timestamp":"2025-01-16 22:33:43,642+0530","service":"FyersAPIRequest"}
{"level":"DEBUG","location":"[get_call:137] fyersModel","message":{"Status Code":200,"API":"/history"},"timestamp":"2025-01-16 22:33:50,952+0530","service":"FyersAPIRequest"}
{"level":"DEBUG","location":"[get_call:137] fyersModel","message":{"Status Code":200,"API":"/history"},"timestamp":"2025-01-16 22:33:51,656+0530","service":"FyersAPIRequest"}
{"level":"DEBUG","location":"[get_call:137] fyersModel","message":{"Status Code":200,"API":"/history"},"timestamp":"2025-01-16 22:33:52,343+0530","service":"FyersAPIRequest"}
{"level":"DEBUG","location":"[get_call:137] fyersModel","message":{"Status Code":200,"API":"/quotes"},"timestamp":"2025-01-16 22:34:14,387+0530","service":"FyersAPIRequest","taskName":"Task-85"}
{"level":"DEBUG","location":"[get_call:137] fyersModel","message":{"Status Code":200,"API":"/history"},"timestamp":"2025-01-16 22:34:27,366+0530","service":"FyersAPIRequest"}
{"level":"DEBUG","location":"[get_call:137] fyersModel","message":{"Status Code":200,"API":"/history"},"timestamp":"2025-01-16 22:34:28,129+0530","service":"FyersAPIRequest"}
{"level":"DEBUG","location":"[get_call:137] fyersModel","message":{"Status Code":200,"API":"/history"},"timestamp":"2025-01-16 22:34:28,823+0530","service":"FyersAPIRequest"}
{"level":"DEBUG","location":"[get_call:137] fyersModel","message":{"Status Code":200,"API":"/history"},"timestamp":"2025-01-16 22:35:16,115+0530","service":"FyersAPIRequest"}
{"level":"DEBUG","location":"[get_call:137] fyersModel","message":{"Status Code":200,"API":"/history"},"timestamp":"2025-01-16 22:35:16,831+0530","service":"FyersAPIRequest"}
{"level":"DEBUG","location":"[get_call:137] fyersModel","message":{"Status Code":200,"API":"/history"},"timestamp":"2025-01-16 22:35:17,435+0530","service":"FyersAPIRequest"}
{"level":"DEBUG","location":"[get_call:137] fyersModel","message":{"Status Code":200,"API":"/history"},"timestamp":"2025-01-16 22:35:48,206+0530","service":"FyersAPIRequest"}
{"level":"DEBUG","location":"[get_call:137] fyersModel","message":{"Status Code":200,"API":"/history"},"timestamp":"2025-01-16 22:35:48,880+0530","service":"FyersAPIRequest"}
{"level":"DEBUG","location":"[get_call:137] fyersModel","message":{"Status Code":200,"API":"/history"},"timestamp":"2025-01-16 22:35:49,643+0530","service":"FyersAPIRequest"}
{"level":"DEBUG","location":"[get_call:137] fyersModel","message":{"Status Code":200,"API":"/quotes"},"timestamp":"2025-01-16 22:47:43,125+0530","service":"FyersAPIRequest","taskName":"Task-94"}
{"level":"DEBUG","location":"[get_call:137] fyersModel","message":{"Status Code":200,"API":"/history"},"timestamp":"2025-01-16 22:47:45,081+0530","service":"FyersAPIRequest"}
{"level":"DEBUG","location":"[get_call:137] fyersModel","message":{"Status Code":200,"API":"/history"},"timestamp":"2025-01-16 22:47:46,383+0530","service":"FyersAPIRequest"}
{"level":"DEBUG","location":"[get_call:137] fyersModel","message":{"Status Code":200,"API":"/history"},"timestamp":"2025-01-16 22:47:47,609+0530","service":"FyersAPIRequest"}
{"level":"DEBUG","location":"[get_call:137] fyersModel","message":{"Status Code":200,"API":"/history"},"timestamp":"2025-01-16 22:53:22,830+0530","service":"FyersAPIRequest"}
{"level":"DEBUG","location":"[get_call:137] fyersModel","message":{"Status Code":200,"API":"/history"},"timestamp":"2025-01-16 22:53:24,754+0530","service":"FyersAPIRequest"}
{"level":"DEBUG","location":"[get_call:137] fyersModel","message":{"Status Code":200,"API":"/history"},"timestamp":"2025-01-16 22:53:27,418+0530","service":"FyersAPIRequest"}
{"level":"DEBUG","location":"[get_call:137] fyersModel","message":{"Status Code":200,"API":"/quotes"},"timestamp":"2025-01-16 22:53:28,018+0530","service":"FyersAPIRequest","taskName":"Task-100"}
{"level":"DEBUG","location":"[get_call:137] fyersModel","message":{"Status Code":200,"API":"/history"},"timestamp":"2025-01-16 22:53:33,329+0530","service":"FyersAPIRequest"}
{"level":"DEBUG","location":"[get_call:137] fyersModel","message":{"Status Code":200,"API":"/history"},"timestamp":"2025-01-16 22:53:35,069+0530","service":"FyersAPIRequest"}
{"level":"DEBUG","location":"[get_call:137] fyersModel","message":{"Status Code":200,"API":"/history"},"timestamp":"2025-01-16 22:53:36,807+0530","service":"FyersAPIRequest"}
{"level":"DEBUG","location":"[get_call:137] fyersModel","message":{"Status Code":200,"API":"/history"},"timestamp":"2025-01-16 22:55:32,753+0530","service":"FyersAPIRequest"}
{"level":"DEBUG","location":"[get_call:137] fyersModel","message":{"Status Code":200,"API":"/history"},"timestamp":"2025-01-16 22:55:35,120+0530","service":"FyersAPIRequest"}
{"level":"DEBUG","location":"[get_call:137] fyersModel","message":{"Status Code":200,"API":"/history"},"timestamp":"2025-01-16 22:55:37,861+0530","service":"FyersAPIRequest"}
{"level":"DEBUG","location":"[get_call:137] fyersModel","message":{"Status Code":200,"API":"/quotes"},"timestamp":"2025-01-16 23:17:33,852+0530","service":"FyersAPIRequest","taskName":"Task-106"}
{"level":"DEBUG","location":"[get_call:137] fyersModel","message":{"Status Code":200,"API":"/history"},"timestamp":"2025-01-16 23:17:39,547+0530","service":"FyersAPIRequest"}
{"level":"DEBUG","location":"[get_call:137] fyersModel","message":{"Status Code":200,"API":"/history"},"timestamp":"2025-01-16 23:17:40,790+0530","service":"FyersAPIRequest"}
{"level":"DEBUG","location":"[get_call:137] fyersModel","message":{"Status Code":200,"API":"/history"},"timestamp":"2025-01-16 23:17:41,832+0530","service":"FyersAPIRequest"}
{"level":"DEBUG","location":"[get_call:137] fyersModel","message":{"Status Code":200,"API":"/history"},"timestamp":"2025-01-16 23:21:16,203+0530","service":"FyersAPIRequest"}
{"level":"DEBUG","location":"[get_call:137] fyersModel","message":{"Status Code":200,"API":"/history"},"timestamp":"2025-01-16 23:21:19,554+0530","service":"FyersAPIRequest"}
{"level":"DEBUG","location":"[get_call:137] fyersModel","message":{"Status Code":200,"API":"/history"},"timestamp":"2025-01-16 23:21:22,704+0530","service":"FyersAPIRequest"}
